<?xml version="1.0" encoding="UTF-8"?>
<!-- Generated by org.testng.reporters.JUnitXMLReporter -->
<testsuite hostname="Nadiruzzamans-MacBook-Pro.local" ignored="2" name="/Users/nadiruzzamanmuhammad/Documents/uiAutomationSeleniumJava" tests="8" failures="0" timestamp="2020-12-12T10:11:09 EST" time="13.768" errors="0">
  <testcase name="verifySignInTabDisplayed" time="0.427" classname="loginTest.ValidLoginTest"/>
  <testcase name="verifyValidSignIn" time="2.352" classname="loginTest.ValidLoginTest"/>
  <testcase name="verifyCartButtonAvailableInHomePage" time="0.042" classname="cartPageTest.ValidCartPageTest"/>
  <testcase name="verifyCartButtonAvailableInSpecialsPgae" time="0.859" classname="cartPageTest.ValidCartPageTest"/>
  <testcase name="verifyCartButtonAvailableInNewProductsPgae" time="0.749" classname="cartPageTest.ValidCartPageTest"/>
  <testcase name="verifyCartButtonAvailableInBestSellersPgae" time="0.911" classname="cartPageTest.ValidCartPageTest"/>
  <testcase name="verifyCartButtonAvailableInOurStoresPgae" time="1.089" classname="cartPageTest.ValidCartPageTest"/>
  <testcase name="verifyCartButtonAvailableInContactUsPgae" time="0.953" classname="cartPageTest.ValidCartPageTest"/>
  <testcase name="@AfterTest afterTest" time="0.0" classname="base.ScriptBase">
    <ignored/>
  </testcase> <!-- @AfterTest afterTest -->
  <testcase name="@BeforeTest beforeTest" time="0.0" classname="base.ScriptBase">
    <ignored/>
  </testcase> <!-- @BeforeTest beforeTest -->
</testsuite> <!-- /Users/nadiruzzamanmuhammad/Documents/uiAutomationSeleniumJava -->
