<?xml version="1.0" encoding="UTF-8"?>
<testng-results skipped="0" failed="0" ignored="2" total="10" passed="8">
  <reporter-output>
    <line>
      <![CDATA[Test Starting soon ]]>
    </line>
    <line>
      <![CDATA[Test  start: verifySignInTabDisplayed]]>
    </line>
    <line>
      <![CDATA[<a href='/Users/nadiruzzamanmuhammad/Documents/uiAutomationSeleniumJava/src/main/java/successScreenshots/verifySignInTabDisplayed_23_01_2021_10_23_05.png'> <image src='/Users/nadiruzzamanmuhammad/Documents/uiAutomationSeleniumJava/src/main/java/successScreenshots/verifySignInTabDisplayed_23_01_2021_10_23_05.png'height='100' width'100'/> </a>]]>
    </line>
    <line>
      <![CDATA[Test  success: verifySignInTabDisplayed]]>
    </line>
    <line>
      <![CDATA[Test  start: verifyValidSignIn]]>
    </line>
    <line>
      <![CDATA[<a href='/Users/nadiruzzamanmuhammad/Documents/uiAutomationSeleniumJava/src/main/java/successScreenshots/verifyValidSignIn_23_01_2021_10_23_09.png'> <image src='/Users/nadiruzzamanmuhammad/Documents/uiAutomationSeleniumJava/src/main/java/successScreenshots/verifyValidSignIn_23_01_2021_10_23_09.png'height='100' width'100'/> </a>]]>
    </line>
    <line>
      <![CDATA[Test  success: verifyValidSignIn]]>
    </line>
    <line>
      <![CDATA[Test  start: verifyCartButtonAvailableInHomePage]]>
    </line>
    <line>
      <![CDATA[<a href='/Users/nadiruzzamanmuhammad/Documents/uiAutomationSeleniumJava/src/main/java/successScreenshots/verifyCartButtonAvailableInHomePage_23_01_2021_10_23_10.png'> <image src='/Users/nadiruzzamanmuhammad/Documents/uiAutomationSeleniumJava/src/main/java/successScreenshots/verifyCartButtonAvailableInHomePage_23_01_2021_10_23_10.png'height='100' width'100'/> </a>]]>
    </line>
    <line>
      <![CDATA[Test  success: verifyCartButtonAvailableInHomePage]]>
    </line>
    <line>
      <![CDATA[Test  start: verifyCartButtonAvailableInSpecialsPgae]]>
    </line>
    <line>
      <![CDATA[<a href='/Users/nadiruzzamanmuhammad/Documents/uiAutomationSeleniumJava/src/main/java/successScreenshots/verifyCartButtonAvailableInSpecialsPgae_23_01_2021_10_23_12.png'> <image src='/Users/nadiruzzamanmuhammad/Documents/uiAutomationSeleniumJava/src/main/java/successScreenshots/verifyCartButtonAvailableInSpecialsPgae_23_01_2021_10_23_12.png'height='100' width'100'/> </a>]]>
    </line>
    <line>
      <![CDATA[Test  success: verifyCartButtonAvailableInSpecialsPgae]]>
    </line>
    <line>
      <![CDATA[Test  start: verifyCartButtonAvailableInNewProductsPgae]]>
    </line>
    <line>
      <![CDATA[<a href='/Users/nadiruzzamanmuhammad/Documents/uiAutomationSeleniumJava/src/main/java/successScreenshots/verifyCartButtonAvailableInNewProductsPgae_23_01_2021_10_23_14.png'> <image src='/Users/nadiruzzamanmuhammad/Documents/uiAutomationSeleniumJava/src/main/java/successScreenshots/verifyCartButtonAvailableInNewProductsPgae_23_01_2021_10_23_14.png'height='100' width'100'/> </a>]]>
    </line>
    <line>
      <![CDATA[Test  success: verifyCartButtonAvailableInNewProductsPgae]]>
    </line>
    <line>
      <![CDATA[Test  start: verifyCartButtonAvailableInBestSellersPgae]]>
    </line>
    <line>
      <![CDATA[<a href='/Users/nadiruzzamanmuhammad/Documents/uiAutomationSeleniumJava/src/main/java/successScreenshots/verifyCartButtonAvailableInBestSellersPgae_23_01_2021_10_23_19.png'> <image src='/Users/nadiruzzamanmuhammad/Documents/uiAutomationSeleniumJava/src/main/java/successScreenshots/verifyCartButtonAvailableInBestSellersPgae_23_01_2021_10_23_19.png'height='100' width'100'/> </a>]]>
    </line>
    <line>
      <![CDATA[Test  success: verifyCartButtonAvailableInBestSellersPgae]]>
    </line>
    <line>
      <![CDATA[Test  start: verifyCartButtonAvailableInOurStoresPgae]]>
    </line>
    <line>
      <![CDATA[<a href='/Users/nadiruzzamanmuhammad/Documents/uiAutomationSeleniumJava/src/main/java/successScreenshots/verifyCartButtonAvailableInOurStoresPgae_23_01_2021_10_23_23.png'> <image src='/Users/nadiruzzamanmuhammad/Documents/uiAutomationSeleniumJava/src/main/java/successScreenshots/verifyCartButtonAvailableInOurStoresPgae_23_01_2021_10_23_23.png'height='100' width'100'/> </a>]]>
    </line>
    <line>
      <![CDATA[Test  success: verifyCartButtonAvailableInOurStoresPgae]]>
    </line>
    <line>
      <![CDATA[Test  start: verifyCartButtonAvailableInContactUsPgae]]>
    </line>
    <line>
      <![CDATA[<a href='/Users/nadiruzzamanmuhammad/Documents/uiAutomationSeleniumJava/src/main/java/successScreenshots/verifyCartButtonAvailableInContactUsPgae_23_01_2021_10_23_24.png'> <image src='/Users/nadiruzzamanmuhammad/Documents/uiAutomationSeleniumJava/src/main/java/successScreenshots/verifyCartButtonAvailableInContactUsPgae_23_01_2021_10_23_24.png'height='100' width'100'/> </a>]]>
    </line>
    <line>
      <![CDATA[Test  success: verifyCartButtonAvailableInContactUsPgae]]>
    </line>
  </reporter-output>
  <suite name="All Test Suite" duration-ms="33259" started-at="2021-01-23T10:22:52 EST" finished-at="2021-01-23T10:23:25 EST">
    <groups>
    </groups>
    <test name="/Users/nadiruzzamanmuhammad/Documents/uiAutomationSeleniumJava" duration-ms="33259" started-at="2021-01-23T10:22:52 EST" finished-at="2021-01-23T10:23:25 EST">
      <class name="loginTest.ValidLoginTest">
        <test-method status="PASS" signature="beforeTest(java.lang.String)[pri:0, instance:loginTest.ValidLoginTest@351d0846]" name="beforeTest" is-config="true" duration-ms="12590" started-at="2021-01-23T10:22:52 EST" finished-at="2021-01-23T10:23:04 EST">
          <params>
            <param index="0">
              <value>
                <![CDATA[opera]]>
              </value>
            </param>
          </params>
          <reporter-output>
          </reporter-output>
        </test-method> <!-- beforeTest -->
        <test-method status="PASS" signature="verifySignInTabDisplayed()[pri:1, instance:loginTest.ValidLoginTest@351d0846]" name="verifySignInTabDisplayed" duration-ms="271" started-at="2021-01-23T10:23:04 EST" finished-at="2021-01-23T10:23:05 EST">
          <reporter-output>
            <line>
              <![CDATA[Test  start: verifySignInTabDisplayed]]>
            </line>
            <line>
              <![CDATA[<a href='/Users/nadiruzzamanmuhammad/Documents/uiAutomationSeleniumJava/src/main/java/successScreenshots/verifySignInTabDisplayed_23_01_2021_10_23_05.png'> <image src='/Users/nadiruzzamanmuhammad/Documents/uiAutomationSeleniumJava/src/main/java/successScreenshots/verifySignInTabDisplayed_23_01_2021_10_23_05.png'height='100' width'100'/> </a>]]>
            </line>
            <line>
              <![CDATA[Test  success: verifySignInTabDisplayed]]>
            </line>
          </reporter-output>
        </test-method> <!-- verifySignInTabDisplayed -->
        <test-method status="PASS" signature="verifyValidSignIn()[pri:2, instance:loginTest.ValidLoginTest@351d0846]" name="verifyValidSignIn" duration-ms="2613" started-at="2021-01-23T10:23:06 EST" finished-at="2021-01-23T10:23:09 EST">
          <reporter-output>
            <line>
              <![CDATA[Test  start: verifyValidSignIn]]>
            </line>
            <line>
              <![CDATA[<a href='/Users/nadiruzzamanmuhammad/Documents/uiAutomationSeleniumJava/src/main/java/successScreenshots/verifyValidSignIn_23_01_2021_10_23_09.png'> <image src='/Users/nadiruzzamanmuhammad/Documents/uiAutomationSeleniumJava/src/main/java/successScreenshots/verifyValidSignIn_23_01_2021_10_23_09.png'height='100' width'100'/> </a>]]>
            </line>
            <line>
              <![CDATA[Test  success: verifyValidSignIn]]>
            </line>
          </reporter-output>
        </test-method> <!-- verifyValidSignIn -->
        <test-method status="PASS" signature="afterTest()[pri:0, instance:loginTest.ValidLoginTest@351d0846]" name="afterTest" is-config="true" duration-ms="227" started-at="2021-01-23T10:23:25 EST" finished-at="2021-01-23T10:23:25 EST">
          <reporter-output>
          </reporter-output>
        </test-method> <!-- afterTest -->
      </class> <!-- loginTest.ValidLoginTest -->
      <class name="cartPageTest.ValidCartPageTest">
        <test-method status="PASS" signature="verifyCartButtonAvailableInHomePage()[pri:3, instance:cartPageTest.ValidCartPageTest@77e4c80f]" name="verifyCartButtonAvailableInHomePage" duration-ms="30" started-at="2021-01-23T10:23:10 EST" finished-at="2021-01-23T10:23:10 EST">
          <reporter-output>
            <line>
              <![CDATA[Test  start: verifyCartButtonAvailableInHomePage]]>
            </line>
            <line>
              <![CDATA[<a href='/Users/nadiruzzamanmuhammad/Documents/uiAutomationSeleniumJava/src/main/java/successScreenshots/verifyCartButtonAvailableInHomePage_23_01_2021_10_23_10.png'> <image src='/Users/nadiruzzamanmuhammad/Documents/uiAutomationSeleniumJava/src/main/java/successScreenshots/verifyCartButtonAvailableInHomePage_23_01_2021_10_23_10.png'height='100' width'100'/> </a>]]>
            </line>
            <line>
              <![CDATA[Test  success: verifyCartButtonAvailableInHomePage]]>
            </line>
          </reporter-output>
        </test-method> <!-- verifyCartButtonAvailableInHomePage -->
        <test-method status="PASS" signature="verifyCartButtonAvailableInSpecialsPgae()[pri:4, instance:cartPageTest.ValidCartPageTest@77e4c80f]" name="verifyCartButtonAvailableInSpecialsPgae" duration-ms="1976" started-at="2021-01-23T10:23:10 EST" finished-at="2021-01-23T10:23:12 EST">
          <reporter-output>
            <line>
              <![CDATA[Test  start: verifyCartButtonAvailableInSpecialsPgae]]>
            </line>
            <line>
              <![CDATA[<a href='/Users/nadiruzzamanmuhammad/Documents/uiAutomationSeleniumJava/src/main/java/successScreenshots/verifyCartButtonAvailableInSpecialsPgae_23_01_2021_10_23_12.png'> <image src='/Users/nadiruzzamanmuhammad/Documents/uiAutomationSeleniumJava/src/main/java/successScreenshots/verifyCartButtonAvailableInSpecialsPgae_23_01_2021_10_23_12.png'height='100' width'100'/> </a>]]>
            </line>
            <line>
              <![CDATA[Test  success: verifyCartButtonAvailableInSpecialsPgae]]>
            </line>
          </reporter-output>
        </test-method> <!-- verifyCartButtonAvailableInSpecialsPgae -->
        <test-method status="PASS" signature="verifyCartButtonAvailableInNewProductsPgae()[pri:5, instance:cartPageTest.ValidCartPageTest@77e4c80f]" name="verifyCartButtonAvailableInNewProductsPgae" duration-ms="1393" started-at="2021-01-23T10:23:13 EST" finished-at="2021-01-23T10:23:14 EST">
          <reporter-output>
            <line>
              <![CDATA[Test  start: verifyCartButtonAvailableInNewProductsPgae]]>
            </line>
            <line>
              <![CDATA[<a href='/Users/nadiruzzamanmuhammad/Documents/uiAutomationSeleniumJava/src/main/java/successScreenshots/verifyCartButtonAvailableInNewProductsPgae_23_01_2021_10_23_14.png'> <image src='/Users/nadiruzzamanmuhammad/Documents/uiAutomationSeleniumJava/src/main/java/successScreenshots/verifyCartButtonAvailableInNewProductsPgae_23_01_2021_10_23_14.png'height='100' width'100'/> </a>]]>
            </line>
            <line>
              <![CDATA[Test  success: verifyCartButtonAvailableInNewProductsPgae]]>
            </line>
          </reporter-output>
        </test-method> <!-- verifyCartButtonAvailableInNewProductsPgae -->
        <test-method status="PASS" signature="verifyCartButtonAvailableInBestSellersPgae()[pri:6, instance:cartPageTest.ValidCartPageTest@77e4c80f]" name="verifyCartButtonAvailableInBestSellersPgae" duration-ms="4220" started-at="2021-01-23T10:23:15 EST" finished-at="2021-01-23T10:23:19 EST">
          <reporter-output>
            <line>
              <![CDATA[Test  start: verifyCartButtonAvailableInBestSellersPgae]]>
            </line>
            <line>
              <![CDATA[<a href='/Users/nadiruzzamanmuhammad/Documents/uiAutomationSeleniumJava/src/main/java/successScreenshots/verifyCartButtonAvailableInBestSellersPgae_23_01_2021_10_23_19.png'> <image src='/Users/nadiruzzamanmuhammad/Documents/uiAutomationSeleniumJava/src/main/java/successScreenshots/verifyCartButtonAvailableInBestSellersPgae_23_01_2021_10_23_19.png'height='100' width'100'/> </a>]]>
            </line>
            <line>
              <![CDATA[Test  success: verifyCartButtonAvailableInBestSellersPgae]]>
            </line>
          </reporter-output>
        </test-method> <!-- verifyCartButtonAvailableInBestSellersPgae -->
        <test-method status="PASS" signature="verifyCartButtonAvailableInOurStoresPgae()[pri:7, instance:cartPageTest.ValidCartPageTest@77e4c80f]" name="verifyCartButtonAvailableInOurStoresPgae" duration-ms="2285" started-at="2021-01-23T10:23:21 EST" finished-at="2021-01-23T10:23:23 EST">
          <reporter-output>
            <line>
              <![CDATA[Test  start: verifyCartButtonAvailableInOurStoresPgae]]>
            </line>
            <line>
              <![CDATA[<a href='/Users/nadiruzzamanmuhammad/Documents/uiAutomationSeleniumJava/src/main/java/successScreenshots/verifyCartButtonAvailableInOurStoresPgae_23_01_2021_10_23_23.png'> <image src='/Users/nadiruzzamanmuhammad/Documents/uiAutomationSeleniumJava/src/main/java/successScreenshots/verifyCartButtonAvailableInOurStoresPgae_23_01_2021_10_23_23.png'height='100' width'100'/> </a>]]>
            </line>
            <line>
              <![CDATA[Test  success: verifyCartButtonAvailableInOurStoresPgae]]>
            </line>
          </reporter-output>
        </test-method> <!-- verifyCartButtonAvailableInOurStoresPgae -->
        <test-method status="PASS" signature="verifyCartButtonAvailableInContactUsPgae()[pri:8, instance:cartPageTest.ValidCartPageTest@77e4c80f]" name="verifyCartButtonAvailableInContactUsPgae" duration-ms="690" started-at="2021-01-23T10:23:24 EST" finished-at="2021-01-23T10:23:24 EST">
          <reporter-output>
            <line>
              <![CDATA[Test  start: verifyCartButtonAvailableInContactUsPgae]]>
            </line>
            <line>
              <![CDATA[<a href='/Users/nadiruzzamanmuhammad/Documents/uiAutomationSeleniumJava/src/main/java/successScreenshots/verifyCartButtonAvailableInContactUsPgae_23_01_2021_10_23_24.png'> <image src='/Users/nadiruzzamanmuhammad/Documents/uiAutomationSeleniumJava/src/main/java/successScreenshots/verifyCartButtonAvailableInContactUsPgae_23_01_2021_10_23_24.png'height='100' width'100'/> </a>]]>
            </line>
            <line>
              <![CDATA[Test  success: verifyCartButtonAvailableInContactUsPgae]]>
            </line>
          </reporter-output>
        </test-method> <!-- verifyCartButtonAvailableInContactUsPgae -->
      </class> <!-- cartPageTest.ValidCartPageTest -->
    </test> <!-- /Users/nadiruzzamanmuhammad/Documents/uiAutomationSeleniumJava -->
  </suite> <!-- All Test Suite -->
</testng-results>
